<?xml version="1.0" encoding="UTF-8"?>
<testng-results skipped="0" failed="0" total="1" passed="1">
  <reporter-output>
  </reporter-output>
  <suite name="Default suite" duration-ms="10" started-at="2015-10-28T09:11:53Z" finished-at="2015-10-28T09:11:53Z">
    <groups>
    </groups>
    <test name="Default test" duration-ms="10" started-at="2015-10-28T09:11:53Z" finished-at="2015-10-28T09:11:53Z">
      <class name="com.practice.Javap">
        <test-method status="PASS" signature="d()[pri:0, instance:com.practice.Javap@f7fe8e]" name="d" duration-ms="0" started-at="2015-10-28T14:41:53Z" finished-at="2015-10-28T14:41:53Z">
          <reporter-output>
          </reporter-output>
        </test-method> <!-- d -->
      </class> <!-- com.practice.Javap -->
    </test> <!-- Default test -->
  </suite> <!-- Default suite -->
</testng-results>
